Microsoft (R) Help Compiler
HCRTF 4.03.0002
Copyright (c) Microsoft Corp 1990 - 1995. All rights reserved.
eggsas.hpj
    HC3037: Warning: c:\Contracts\3cpm\Research Version\Eggsas\hlp\EGGSAS.hm : 
	The map value for "HID_REPORT_POSTWATER_40" is the same as the map value for "HID_ANALYZE_POSTWATER_40".
    HC1002: Note: 
	Using existing phrase table: EGGSAS.ph.
    HC3025: Warning: topic #1 of c:\Contracts\3cpm\Research Version\Eggsas\hlp\.\afxcore.rtf : 
	Jump to undefined Topic ID: "menu_record".
    HC3025: Warning: topic #3 of c:\Contracts\3cpm\Research Version\Eggsas\hlp\.\afxcore.rtf : 
	Jump to undefined Topic ID: "HID_OLE_EDIT_LINKS".
    HC3025: Warning: topic #3 of c:\Contracts\3cpm\Research Version\Eggsas\hlp\.\afxcore.rtf : 
	Jump to undefined Topic ID: "HID_EDIT_PASTE_LINK".
    HC3025: Warning: topic #3 of c:\Contracts\3cpm\Research Version\Eggsas\hlp\.\afxcore.rtf : 
	Jump to undefined Topic ID: "HID_OLE_INSERT_NEW".
    HC1010: Note: 
	The following mapped Topic IDs were not used in any topic:
	HIDD_FACILITY_INFO
	AFX_HIDP_UNREG_DONE
	HID_VIEW_PATIENT_MEDS
	HIDD_MEDICATIONS
	HID_REPORT_FAC_INFO
	HIDD_DEMOGRAPHICS
	AFX_HIDP_GET_NOT_SUPPORTED
	HID_HT_OBJECT
	AFX_HIDP_SQL_BOOKMARKS_NOT_ENABLED
	HID_GOTO_END
	HIDD_PRE_STUDY_INFO
	HID_VIEW_BASELINE
	HID_ANALYZE_POSTWATER_10
	HID_ANALYZE_POSTWATER_20
	HID_ANALYZE_POSTWATER_30
	HID_ANALYZE_POSTWATER_40
	HID_RECORD_FIRST
	HID_GOTO_NEXT_PERIOD
	HID_EDIT_SELECT_ALL
	HID_EDIT_PRE_STUDY_INFO
	HID_FILE_UPDATE
	AFX_HIDW_RESIZE_BAR
	HID_EDIT_PATIENT_DIAG_HIST
	AFX_HIDP_SQL_NO_DATA_FOUND
	AFX_HIDP_SQL_EMPTY_COLUMN_LIST
	AFX_HIDP_SQL_ODBC_LOAD_FAILED
	HIDD_CUSTOM_REPORT
	AFX_HIDP_FAILED_TO_CREATE
	HIDD_ANALYZE_PERIOD
	HID_REPORT_PRINT
	AFX_HIDD_BUSY
	AFX_HIDP_ARCH_NONE
	HIDD_DIAGNOSIS
	HID_RECORD_LAST
	HID_RECORD_NEXT
	HID_RECORD_PREV
	AFX_HIDD_OBJECTPROPERTIES
	AFX_HIDP_UNREG_FAILURE
	AFX_HIDP_SQL_BOOKMARKS_NOT_SUPPORTED
	HIDD_DIAGNOSTIC_HISTORY
	AFX_HIDP_FILE_TOO_MANY_OPEN
	HID_EDIT_SUGGESTED_DIAG
	AFX_HIDP_SQL_FIELD_NOT_FOUND
	AFX_HIDP_FILE_ACCESS_DENIED
	HID_REPORT_DIAGNOSIS
	HID_FILE_SAVE_COPY_AS
	AFX_HIDD_CONVERT
	HID_EDIT_RECOMMENDATIONS
	AFX_HIDP_ASK_TO_DISCARD
	AFX_HIDP_SQL_FIELD_SCHEMA_MISMATCH
	AFX_HIDP_SQL_LOCK_MODE_NOT_SUPPORTED
	HIDR_EGGSASTYPE
	HID_FORMAT_FONT
	AFX_HIDP_FILE_HARD_IO
	HIDP_OLE_INIT_FAILED
	AFX_HIDD_CHANGESOURCE
	HID_ANALYZE_CURRENT
	HID_REPORT_CORE_EGG
	HID_VIEW_PATIENT_DIAG_HIST
	AFX_HIDP_FILE_NOT_FOUND
	AFX_HIDW_DOCKBAR_TOP
	AFX_HIDP_DAO_DFX_BIND
	AFX_HIDP_SQL_ODBC_V2_REQUIRED
	AFX_HIDP_SQL_NO_ROWS_AFFECTED
	HID_OLE_EDIT_CONVERT
	AFX_HIDP_SQL_SQL_CONFORMANCE
	HIDD_RECOMMENDATIONS
	AFX_HIDD_INSERTOBJECT
	AFX_HIDP_SQL_RECORDSET_READONLY
	AFX_HIDP_PARSE_RADIO_BUTTON
	HID_REPORT_BASELINE
	HID_EDIT_AMT_WATER
	HID_EDIT_PASTE_SPECIAL
	AFX_HIDP_DAO_ROWTOOSHORT
	AFX_HIDP_SQL_INCORRECT_ODBC
	AFX_HIDP_NO_ERROR_AVAILABLE
	AFX_HIDW_DOCKBAR_BOTTOM
	AFX_HIDP_FILE_DIR_FULL
	AFX_HIDP_DAO_BADBINDINFO
	AFX_HIDP_SQL_UPDATE_DELETE_FAILED
	AFX_HIDP_PARSE_DATETIME
	HID_OLE_EDIT_CHANGE_ICON
	AFX_HIDP_ARCH_ENDOFFILE
	AFX_HIDP_SQL_SQL_NO_TOTAL
	AFX_HIDP_SQL_CONNECT_FAIL
	AFX_HIDP_SQL_API_CONFORMANCE
	HID_OLE_EDIT_PROPERTIES
	AFX_HIDP_FILE_DISKFULL
	AFX_HIDW_DOCKBAR_LEFT
	HID_REPORT_EDIT
	HID_REPORT_TYPE
	HID_REPORT_VIEW
	AFX_HIDP_FILE_REMOVE_CURRENT
	HID_ANALYZE_RSA
	AFX_HIDP_ARCH_BADCLASS
	AFX_HIDP_SQL_NO_POSITIONED_UPDATES
	HID_OLE_VERB_1
	HID_OLE_VERB_1
	HID_OLE_VERB_1
	HID_OLE_VERB_1
	HID_OLE_VERB_1
	HID_OLE_VERB_1
	HID_OLE_VERB_1
	HID_OLE_VERB_1
	HID_OLE_VERB_1
	HID_OLE_VERB_1
	HID_OLE_VERB_1
	HID_OLE_VERB_1
	HID_OLE_VERB_1
	HID_OLE_VERB_1
	HID_OLE_VERB_1
	HID_OLE_VERB_1
	AFX_HIDP_ARCH_BADINDEX
	HIDD_BASELINE
	HID_WIZBACK
	HID_WIZNEXT
	HID_FILE_REV_ORIG
	HIDD_10MIN_VIEW
	AFX_HIDP_PARSE_CURRENCY
	HID_ANALYZE_DIAGNOSIS
	AFX_HIDP_FILE_NONE
	AFX_HIDP_FAILED_TO_CONVERT
	HID_HELP_FINDER
	AFX_HIDP_FILE_EOF
	AFX_HIDP_FILE_LOCKING
	AFX_HIDP_SQL_ILLEGAL_MODE
	AFX_HIDD_PREVIEW_TOOLBAR
	HID_VIEW_PRE_STUDY_INFO
	AFX_HIDP_SQL_NO_CURRENT_RECORD
	AFX_HIDP_FILE_BAD_PATH
	AFX_HIDP_FILE_BAD_SEEK
	AFX_HIDP_SQL_ROW_UPDATE_NOT_SUPPORTED
	AFX_HIDP_FAILED_MAPI_LOAD
	AFX_HIDP_FAILED_MAPI_SEND
	HIDD_POST_WATER_TEST
	AFX_HIDP_FILE_SHARING
	HID_FILE_EXIST_PATIENT
	HID_FILE_PRINT_DIRECT
	HIDD_EQUIP_TEST
	HID_VIEW_PATIENT_DEMOGRAHICS
	AFX_HIDP_DLL_LOAD_FAILED
	AFX_HIDP_SQL_DYNASET_NOT_SUPPORTED
	AFX_HIDP_SQL_ROW_FETCH
	HID_VIEW_SUGGESTED_DIAG
	AFX_HIDP_SET_NOT_SUPPORTED
	AFX_HIDD_CHANGEICON
	AFX_HIDP_DLL_BAD_VERSION
	HID_REPORT_POSTWATER_10
	HID_REPORT_POSTWATER_20
	HID_REPORT_POSTWATER_30
	AFX_HIDP_ARCH_BADSCHEMA
	AFX_HIDD_FILEBROWSE
	HID_GOTO_PREV_PERIOD
	HID_ANALYZE_BASELINE
	HIDD_SELECT_PATIENT
	AFX_HIDD_EDITLINKS
	HID_EDIT_PATIENT_DEMOGRAHICS
	AFX_HIDP_SQL_DATA_TRUNCATED
	HID_HT_HELP
	HID_WIZFINISH
	AFX_HIDP_INVALID_MAPI_DLL
	AFX_HIDD_PREVIEW_SHORTTOOLBAR
	AFX_HIDP_DAO_OBJECT_NOT_OPEN
	HID_REPORT_CREATE
	HID_REPORT_CUSTOM
	AFX_HIDP_ARCH_WRITEONLY
	HID_OLE_EDIT_LINKS
	AFX_HIDP_SQL_MULTIPLE_ROWS_AFFECTED
	HID_REPORT_DELETE
	HID_EDIT_PASTE_LINK
	AFX_HIDP_DAO_ENGINE_INITIALIZATION
	HID_VIEW_AMT_WATER
	AFX_HIDW_DOCKBAR_FLOAT
	HID_REPORT_RECOMMENDATIONS
	AFX_HIDW_DOCKBAR_RIGHT
	HID_VIEW_POSTWATER_10
	HID_VIEW_POSTWATER_20
	HID_VIEW_POSTWATER_30
	HID_VIEW_POSTWATER_40
	AFX_HIDP_PARSE_BYTE
	AFX_HIDP_PARSE_UINT
	AFX_HIDP_ARCH_GENERIC
	AFX_HIDP_SQL_SNAPSHOT_NOT_SUPPORTED
	HID_EDIT_PATIENT_MEDS
	AFX_HIDD_PASTESPECIAL
	AFX_HIDP_FILE_GENERIC
	AFX_HIDP_FILE_INVALID_FILE
	HID_HT_CLOSE
	AFX_HIDP_ARCH_READONLY
	HID_GOTO_START
	AFX_HIDP_SQL_RECORDSET_FORWARD_ONLY
	HID_OLE_INSERT_NEW
	AFX_HIDP_SQL_DYNAMIC_CURSOR_NOT_SUPPORTED
	HIDW_COMBO
	HIDD_WATER_LOAD
	AFX_HIDP_DAO_COLUMNUNAVAILABLE
	HID_FILE_NEW_PATIENT
	HID_VIEW_RECOMMENDATIONS
72	Topics
48	Jumps
16	Keywords
21	Bitmaps


Created c:\Contracts\3cpm\Research Version\Eggsas\hlp\EGGSAS.HLP, 38,921 bytes
Bitmaps: 5,348 bytes
Phrase+Zeck compression decreased help file by 13,866 bytes.
Compile time: 0 minutes, 0 seconds
2 notes, 5 warnings
